T5B3A080 000:000.558   SEGGER J-Link V8.74 Log File
T5B3A080 000:000.895   DLL Compiled: Sep 30 2025 12:15:38
T5B3A080 000:000.900   Logging started @ 2025-12-18 22:25
T5B3A080 000:000.906   Process: /Users/buttner/.eclipse/com.renesas.platform_521892322/DebugComp/RA/e2-server-gdb
T5B3A080 000:000.911 - 0.909ms 
T5B3A080 000:000.919 JLINK_GetDLLVersion()
T5B3A080 000:000.923 - 0.004ms returns 87400
T5B3A080 000:003.271 JLINK_OpenEx(...)
T5B3A080 000:008.264   Firmware: J-Link V12 compiled Sep 17 2025 12:01:50
T5B3A080 000:009.777   Firmware: J-Link V12 compiled Sep 17 2025 12:01:50
T5B3A080 000:010.798   Hardware: V12.00
T5B3A080 000:010.811   S/N: 822004449
T5B3A080 000:010.817   OEM: SEGGER
T5B3A080 000:010.822   Feature(s): GDB
T5B3A080 000:014.254   Bootloader: 2022 Oct 19
T5B3A080 000:015.700   USB speed mode: High speed (480 MBit/s)
T5B3A080 000:016.289   TELNET listener socket opened on port 19021
T5B3A080 000:016.317   WEBSRV WEBSRV_Init(): Starting webserver thread(s)
T5B3A080 000:016.351   WEBSRV Webserver running on local port 19080
T5B3A080 000:016.364   Looking for J-Link GUI Server exe at: /Users/buttner/.eclipse/com.renesas.platform_521892322/DebugComp/RA/ARM/Segger_v8.74.0/JLinkGUIServerExe
T5B3A080 000:016.377   Looking for J-Link GUI Server exe at: /Applications/SEGGER/JLink/JLinkGUIServerExe
T5B3A080 000:016.415   Forking J-Link GUI Server: /Applications/SEGGER/JLink/JLinkGUIServerExe
T5B3A080 000:192.359   J-Link GUI Server info: "J-Link GUI server V8.58 "
T5B3A080 000:213.636 - 210.365ms returns "O.K."
T5B3A080 000:213.696 JLINK_ExecCommand("ProjectFile="/Users/buttner/e2_studio/workspace/ra-cmsis-dap-port/ra4m2/CMSIS_DAP_RA4M2 Debug_Flat.jlink"", ...). 
T5B3A080 000:221.285 - 7.588ms returns 0x00
T5B3A080 000:221.436 JLINK_ExecCommand("ProjectFile=", ...). 
T5B3A080 000:221.550 - 0.115ms returns 0x00
T5B3A080 000:221.557 JLINK_ExecCommand("ProjectFile="/Users/buttner/e2_studio/workspace/ra-cmsis-dap-port/ra4m2/CMSIS_DAP_RA4M2 Debug_Flat.jlink"", ...). 
T5B3A080 000:221.742 - 0.185ms returns 0x00
T5B3A080 000:221.777 JLINK_ExecCommand("device=R7FA4M2AB", ...). 
T5B3A080 000:221.916   Flash bank @ 0x0100A100: SFL: Parsing sectorization info from ELF file
T5B3A080 000:221.922     FlashDevice.SectorInfo[0]: .SectorSize = 0x00000010, .SectorStartAddr = 0x00000000
T5B3A080 000:221.927   FlashBank @0x0100A100: Sectorization info from SFL ELF file ignored because sectorization override from DLL / XML file is active.
T5B3A080 000:221.991   Flash bank @ 0x60000000: SFL: Parsing sectorization info from ELF file
T5B3A080 000:221.998     FlashDevice.SectorInfo[0]: .SectorSize = 0x00010000, .SectorStartAddr = 0x00000000
T5B3A080 000:223.029   Device "R7FA4M2AB" selected.
T5B3A080 000:223.109 - 1.328ms returns 0x00
T5B3A080 000:223.114 JLINK_TIF_GetAvailable(...)
T5B3A080 000:224.480 - 1.366ms 
T5B3A080 000:224.491 JLINK_TIF_Select(JLINKARM_TIF_SWD)
T5B3A080 000:226.051 - 1.561ms returns 0x00
T5B3A080 000:226.060 JLINK_SetSpeed(4000)
T5B3A080 000:226.117 - 0.057ms 
T5B3A080 000:226.131 JLINK_ReadMem(0xE000EDF0, 0x4 Bytes, ...)
T5B3A080 000:226.224   ConfigTargetSettings() start
T5B3A080 000:226.233    J-Link Script File: Executing ConfigTargetSettings()
T5B3A080 000:226.237   Configuring FlashDLNoRMWThreshold=0x200 in order to make sure that option bytes programming is done via read-modify-write
T5B3A080 000:228.908   ConfigTargetSettings() end - Took 2.67ms
T5B3A080 000:228.914   InitTarget() start
T5B3A080 000:228.919    J-Link Script File: Executing InitTarget()
T5B3A080 000:228.923   SWD selected. Executing JTAG -> SWD switching sequence.
T5B3A080 000:229.781   DAP initialized successfully.
T5B3A080 000:229.792   Determining TrustZone configuration...
T5B3A080 000:230.198     Secure Debug: Enabled (SSD)
T5B3A080 000:230.206   Determining currently configured transfer type by reading the AHB-AP CSW register.
T5B3A080 000:230.518     --> Correct transfer type configured. Done.
T5B3A080 000:230.525   InitTarget() end - Took 1.60ms
T5B3A080 000:230.773   Found SW-DP with ID 0x6BA02477
T5B3A080 000:231.558   DPIDR: 0x6BA02477
T5B3A080 000:231.564   CoreSight SoC-400 or earlier
T5B3A080 000:231.568   Scanning AP map to find all available APs
T5B3A080 000:231.949   AP[2]: Stopped AP scan as end of AP map has been reached
T5B3A080 000:231.955   AP[0]: AHB-AP (IDR: 0x84770001, ADDR: 0x00000000)
T5B3A080 000:231.959   AP[1]: APB-AP (IDR: 0x54770002, ADDR: 0x01000000)
T5B3A080 000:231.963   Iterating through AP map to find AHB-AP to use
T5B3A080 000:232.294   AP[0]: Core found
T5B3A080 000:232.302   AP[0]: AHB-AP ROM base: 0xE00FE000
T5B3A080 000:232.472   CPUID register: 0x410FD214. Implementer code: 0x41 (ARM)
T5B3A080 000:232.478   Feature set: Mainline
T5B3A080 000:232.636   Cache: No cache
T5B3A080 000:232.641   Found Cortex-M33 r0p4, Little endian.
T5B3A080 000:232.798   -- Max. mem block: 0x00005AE8
T5B3A080 000:233.090   CPU_ReadMem(4 bytes @ 0xE000EDF0)
T5B3A080 000:233.377   CPU_WriteMem(4 bytes @ 0xE000EDF0)
T5B3A080 000:233.558   CPU_ReadMem(4 bytes @ 0xE0002000)
T5B3A080 000:233.733   FPUnit: 8 code (BP) slots and 0 literal slots
T5B3A080 000:233.738   CPU_ReadMem(4 bytes @ 0xE000EDFC)
T5B3A080 000:233.906   CPU_WriteMem(4 bytes @ 0xE000EDFC)
T5B3A080 000:234.095   CPU_ReadMem(4 bytes @ 0xE0001000)
T5B3A080 000:234.267   CPU_ReadMem(4 bytes @ 0xE0001000)
T5B3A080 000:234.435   CPU_ReadMem(4 bytes @ 0xE0001028)
T5B3A080 000:234.608   CPU_ReadMem(4 bytes @ 0xE0001038)
T5B3A080 000:234.788   CPU_ReadMem(4 bytes @ 0xE0001048)
T5B3A080 000:234.959   CPU_ReadMem(4 bytes @ 0xE0001058)
T5B3A080 000:235.131   CPU_WriteMem(4 bytes @ 0xE0001000)
T5B3A080 000:235.324   CPU_ReadMem(4 bytes @ 0xE000ED88)
T5B3A080 000:235.598   CPU_WriteMem(4 bytes @ 0xE000ED88)
T5B3A080 000:235.801   CPU_ReadMem(4 bytes @ 0xE000ED88)
T5B3A080 000:235.977   CPU_WriteMem(4 bytes @ 0xE000ED88)
T5B3A080 000:236.150   CPU_ReadMem(4 bytes @ 0xE000EFB8)
T5B3A080 000:236.323   Security extension: implemented
T5B3A080 000:236.331   Secure debug: enabled
T5B3A080 000:236.336   CoreSight components:
T5B3A080 000:236.340   ROMTbl[0] @ E00FE000
T5B3A080 000:236.344   CPU_ReadMem(64 bytes @ 0xE00FE000)
T5B3A080 000:236.723   CPU_ReadMem(32 bytes @ 0xE0044FE0)
T5B3A080 000:236.992   CPU_ReadMem(4 bytes @ 0xE0044FBC)
T5B3A080 000:237.164   CPU_ReadMem(4 bytes @ 0xE0044FCC)
T5B3A080 000:237.324   [0][0]: E0044000 CID B105900D PID 005BB906 DEVARCH 00000000 DEVTYPE 14 CTI (?)
T5B3A080 000:237.330   CPU_ReadMem(32 bytes @ 0xE0047FE0)
T5B3A080 000:237.601   CPU_ReadMem(4 bytes @ 0xE0047FBC)
T5B3A080 000:237.776   CPU_ReadMem(4 bytes @ 0xE0047FCC)
T5B3A080 000:237.939   [0][1]: E0047000 CID B105900D PID 003BB908 DEVARCH 00000000 DEVTYPE 12 CSTF
T5B3A080 000:237.945   CPU_ReadMem(32 bytes @ 0xE0048FE0)
T5B3A080 000:238.219   CPU_ReadMem(4 bytes @ 0xE0048FBC)
T5B3A080 000:238.388   CPU_ReadMem(4 bytes @ 0xE0048FCC)
T5B3A080 000:238.550   [0][2]: E0048000 CID B105900D PID 001BB961 DEVARCH 00000000 DEVTYPE 21 TMC
T5B3A080 000:238.556   CPU_ReadMem(32 bytes @ 0xE0049FE0)
T5B3A080 000:238.825   [0][3]: E0049000 CID B105F00D PID 001BB101 TSG
T5B3A080 000:238.832   CPU_ReadMem(32 bytes @ 0xE0040FE0)
T5B3A080 000:239.101   CPU_ReadMem(4 bytes @ 0xE0040FBC)
T5B3A080 000:239.271   CPU_ReadMem(4 bytes @ 0xE0040FCC)
T5B3A080 000:239.434   [0][4]: E0040000 CID B105900D PID 000BBD21 DEVARCH 00000000 DEVTYPE 11 TPIU
T5B3A080 000:239.439   CPU_ReadMem(32 bytes @ 0xE00FFFE0)
T5B3A080 000:239.707   [0][5]: E00FF000 CID B105100D PID 000BB4C9 ROM Table
T5B3A080 000:239.712   ROMTbl[1] @ E00FF000
T5B3A080 000:239.718   CPU_ReadMem(64 bytes @ 0xE00FF000)
T5B3A080 000:240.098   CPU_ReadMem(32 bytes @ 0xE000EFE0)
T5B3A080 000:240.366   CPU_ReadMem(4 bytes @ 0xE000EFBC)
T5B3A080 000:240.529   CPU_ReadMem(4 bytes @ 0xE000EFCC)
T5B3A080 000:240.696   [1][0]: E000E000 CID B105900D PID 000BBD21 DEVARCH 47702A04 DEVTYPE 00 Cortex-M33
T5B3A080 000:240.702   CPU_ReadMem(32 bytes @ 0xE0001FE0)
T5B3A080 000:240.987   CPU_ReadMem(4 bytes @ 0xE0001FBC)
T5B3A080 000:241.163   CPU_ReadMem(4 bytes @ 0xE0001FCC)
T5B3A080 000:241.356   [1][1]: E0001000 CID B105900D PID 000BBD21 DEVARCH 47701A02 DEVTYPE 00 DWT
T5B3A080 000:241.362   CPU_ReadMem(32 bytes @ 0xE0002FE0)
T5B3A080 000:241.650   CPU_ReadMem(4 bytes @ 0xE0002FBC)
T5B3A080 000:241.847   CPU_ReadMem(4 bytes @ 0xE0002FCC)
T5B3A080 000:242.023   [1][2]: E0002000 CID B105900D PID 000BBD21 DEVARCH 47701A03 DEVTYPE 00 FPB
T5B3A080 000:242.029   CPU_ReadMem(32 bytes @ 0xE0000FE0)
T5B3A080 000:242.307   CPU_ReadMem(4 bytes @ 0xE0000FBC)
T5B3A080 000:242.478   CPU_ReadMem(4 bytes @ 0xE0000FCC)
T5B3A080 000:242.662   [1][3]: E0000000 CID B105900D PID 000BBD21 DEVARCH 47701A01 DEVTYPE 43 ITM
T5B3A080 000:242.667   CPU_ReadMem(32 bytes @ 0xE0041FE0)
T5B3A080 000:242.961   CPU_ReadMem(4 bytes @ 0xE0041FBC)
T5B3A080 000:243.139   CPU_ReadMem(4 bytes @ 0xE0041FCC)
T5B3A080 000:243.324   [1][5]: E0041000 CID B105900D PID 002BBD21 DEVARCH 47724A13 DEVTYPE 13 ETM
T5B3A080 000:243.330   CPU_ReadMem(32 bytes @ 0xE0042FE0)
T5B3A080 000:243.608   CPU_ReadMem(4 bytes @ 0xE0042FBC)
T5B3A080 000:243.782   CPU_ReadMem(4 bytes @ 0xE0042FCC)
T5B3A080 000:243.967   [1][6]: E0042000 CID B105900D PID 000BBD21 DEVARCH 47701A14 DEVTYPE 14 CSS600-CTI
T5B3A080 000:243.995   CPU_ReadMem(4 bytes @ 0xE000EDF0)
T5B3A080 000:244.177   Data:  01 00 14 01
T5B3A080 000:244.182   Debug reg: DHCSR
T5B3A080 000:244.186 - 18.055ms returns 0
T5B3A080 000:244.196 JLINK_ReadMem(0x400E002C, 0x4 Bytes, ...)
T5B3A080 000:244.201   CPU_ReadMem(4 bytes @ 0x400E002C)
T5B3A080 000:244.367   Data:  01 00 00 00
T5B3A080 000:244.372 - 0.176ms returns 0
T5B3A080 000:244.792 JLINK_ReadMem(0xE000EDF0, 0x4 Bytes, ...)
T5B3A080 000:244.799   CPU_ReadMem(4 bytes @ 0xE000EDF0)
T5B3A080 000:244.984   Data:  01 00 14 01
T5B3A080 000:244.990   Debug reg: DHCSR
T5B3A080 000:244.995 - 0.203ms returns 0
T5B3A080 000:245.018 JLINK_ReadMem(0xE000EDF0, 0x4 Bytes, ...)
T5B3A080 000:245.022   CPU_ReadMem(4 bytes @ 0xE000EDF0)
T5B3A080 000:245.199   Data:  01 00 14 00
T5B3A080 000:245.204   Debug reg: DHCSR
T5B3A080 000:245.208 - 0.190ms returns 0
T5B3A080 000:245.211 JLINK_ReadMem(0x400E001C, 0x4 Bytes, ...)
T5B3A080 000:245.214   CPU_ReadMem(4 bytes @ 0x400E001C)
T5B3A080 000:245.382   Data:  00 FC FF 00
T5B3A080 000:245.387 - 0.176ms returns 0
T5B3A080 000:245.391 JLINK_ReadMem(0xE000EDF0, 0x4 Bytes, ...)
T5B3A080 000:245.395   CPU_ReadMem(4 bytes @ 0xE000EDF0)
T5B3A080 000:245.576   Data:  01 00 10 01
T5B3A080 000:245.580   Debug reg: DHCSR
T5B3A080 000:245.584 - 0.193ms returns 0
T5B3A080 000:245.587 JLINK_ReadMem(0x400E0018, 0x4 Bytes, ...)
T5B3A080 000:245.590   CPU_ReadMem(4 bytes @ 0x400E0018)
T5B3A080 000:245.779   Data:  00 80 FF 00
T5B3A080 000:245.786 - 0.199ms returns 0
T5B3A080 000:245.791 JLINK_ReadMem(0xE000EDF0, 0x4 Bytes, ...)
T5B3A080 000:245.794   CPU_ReadMem(4 bytes @ 0xE000EDF0)
T5B3A080 000:245.966   Data:  01 00 14 01
T5B3A080 000:245.973   Debug reg: DHCSR
T5B3A080 000:245.977 - 0.186ms returns 0
T5B3A080 000:245.981 JLINK_ReadMem(0x400E0020, 0x4 Bytes, ...)
T5B3A080 000:245.985   CPU_ReadMem(4 bytes @ 0x400E0020)
T5B3A080 000:246.156   Data:  00 FC 00 00
T5B3A080 000:246.162 - 0.181ms returns 0
T5B3A080 000:246.166 JLINK_ReadMem(0xE000EDF0, 0x4 Bytes, ...)
T5B3A080 000:246.169   CPU_ReadMem(4 bytes @ 0xE000EDF0)
T5B3A080 000:246.354   Data:  01 00 14 00
T5B3A080 000:246.361   Debug reg: DHCSR
T5B3A080 000:246.365 - 0.199ms returns 0
T5B3A080 000:246.368 JLINK_ReadMem(0x400E0028, 0x4 Bytes, ...)
T5B3A080 000:246.373   CPU_ReadMem(4 bytes @ 0x400E0028)
T5B3A080 000:246.558   Data:  00 FC 1F 00
T5B3A080 000:246.565 - 0.196ms returns 0
T5B3A080 000:246.570 JLINK_ReadMem(0xE000EDF0, 0x4 Bytes, ...)
T5B3A080 000:246.574   CPU_ReadMem(4 bytes @ 0xE000EDF0)
T5B3A080 000:246.761   Data:  01 00 14 01
T5B3A080 000:246.767   Debug reg: DHCSR
T5B3A080 000:246.771 - 0.201ms returns 0
T5B3A080 000:246.775 JLINK_ReadMem(0x400E0024, 0x4 Bytes, ...)
T5B3A080 000:246.778   CPU_ReadMem(4 bytes @ 0x400E0024)
T5B3A080 000:246.956   Data:  00 E0 1F 00
T5B3A080 000:246.966 - 0.191ms returns 0
T5B3A080 000:246.979 JLINK_ReadMem(0xE000EDF0, 0x4 Bytes, ...)
T5B3A080 000:246.985   CPU_ReadMem(4 bytes @ 0xE000EDF0)
T5B3A080 000:247.161   Data:  01 00 14 00
T5B3A080 000:247.168   Debug reg: DHCSR
T5B3A080 000:247.172 - 0.193ms returns 0
T5B3A080 000:247.175 JLINK_ReadMem(0x400E002C, 0x4 Bytes, ...)
T5B3A080 000:247.179   CPU_ReadMem(4 bytes @ 0x400E002C)
T5B3A080 000:247.352   Data:  01 00 00 00
T5B3A080 000:247.358 - 0.183ms returns 0
T5B3A080 000:254.704 JLINK_Close()
T5B3A080 000:265.475 - 10.771ms
T5B3A080 000:265.482   
T5B3A080 000:265.485   Closed
